2022-09-27 12:15:16,836 INFO using config C:\Users\jjablonski\AppData\Roaming\twarc\config
2022-09-27 12:15:16,837 INFO creating HTTP session headers for app auth.
2022-09-27 12:15:16,838 INFO connecting to stream https://api.twitter.com/2/tweets/sample/stream
2022-09-27 12:15:16,838 INFO getting ('https://api.twitter.com/2/tweets/sample/stream',) {'params': {'expansions': 'author_id,in_reply_to_user_id,referenced_tweets.id,referenced_tweets.id.author_id,entities.mentions.username,attachments.poll_ids,attachments.media_keys,geo.place_id', 'tweet.fields': 'attachments,author_id,context_annotations,conversation_id,created_at,entities,geo,id,in_reply_to_user_id,lang,public_metrics,text,possibly_sensitive,referenced_tweets,reply_settings,source,withheld', 'user.fields': 'created_at,description,entities,id,location,name,pinned_tweet_id,profile_image_url,protected,public_metrics,url,username,verified,withheld', 'media.fields': 'alt_text,duration_ms,height,media_key,preview_image_url,type,url,width,public_metrics', 'poll.fields': 'duration_minutes,end_datetime,id,options,voting_status', 'place.fields': 'contained_within,country,country_code,full_name,geo,id,name,place_type'}, 'stream': True}
2022-09-27 12:15:20,990 INFO archived 1574840104396492822
2022-09-27 12:15:20,991 INFO archived 1574840104400883713
2022-09-27 12:15:20,992 INFO archived 1574840104409075751
2022-09-27 12:15:20,993 INFO archived 1574840104404893696
2022-09-27 12:15:20,993 INFO archived 1574840104392298529
2022-09-27 12:15:20,993 INFO archived 1574840104400699392
2022-09-27 12:15:20,995 INFO archived 1574840104417464350
2022-09-27 12:15:20,995 INFO archived 1574840104425852947
2022-09-27 12:15:21,005 INFO archived 1574840108616130560
2022-09-27 12:15:21,005 INFO archived 1574840104392298516
2022-09-27 12:15:21,006 INFO archived 1574840104396369920
2022-09-27 12:15:21,006 INFO archived 1574840104396492823
2022-09-27 12:15:21,008 INFO archived 1574840104425619456
2022-09-27 12:15:21,010 INFO archived 1574840104409075756
2022-09-27 12:15:21,010 INFO archived 1574840104404848640
2022-09-27 12:15:21,015 INFO archived 1574840104392265728
2022-09-27 12:15:21,015 INFO archived 1574840104417464344
2022-09-27 12:15:21,015 INFO archived 1574840104425852986
2022-09-27 12:15:21,017 INFO archived 1574840100218871808
2022-09-27 12:15:21,023 INFO archived 1574840104413270024
2022-09-27 12:15:21,028 INFO archived 1574840104413270026
2022-09-27 12:15:21,031 INFO archived 1574840104425758720
2022-09-27 12:15:21,033 INFO archived 1574840104396689408
2022-09-27 12:15:21,034 INFO archived 1574840104400879616
2022-09-27 12:15:21,035 INFO archived 1574840104413270045
2022-09-27 12:15:21,039 INFO archived 1574840108599373824
2022-09-27 12:15:21,050 INFO archived 1574840104417378304
2022-09-27 12:15:21,050 INFO archived 1574840104400687108
2022-09-27 12:15:21,054 INFO archived 1574840104396492829
2022-09-27 12:15:21,054 INFO archived 1574840104392298518
2022-09-27 12:15:21,055 INFO archived 1574840104417656832
2022-09-27 12:15:21,056 INFO archived 1574840104388104219
2022-09-27 12:15:21,060 INFO archived 1574840104417464321
2022-09-27 12:15:21,069 INFO archived 1574840104421658625
2022-09-27 12:15:21,069 INFO archived 1574840104404881410
2022-09-27 12:15:21,070 INFO archived 1574840104400850944
2022-09-27 12:15:21,088 INFO archived 1574840104392298520
2022-09-27 12:15:21,089 INFO archived 1574840108586389504
2022-09-27 12:15:21,090 INFO archived 1574840104413270040
2022-09-27 12:15:21,100 INFO archived 1574840108590583809
2022-09-27 12:15:21,102 INFO archived 1574840104421658653
2022-09-27 12:15:21,103 INFO archived 1574840104388009984
2022-09-27 12:15:21,104 INFO archived 1574840104396492836
2022-09-27 12:15:21,124 INFO archived 1574840104413192192
2022-09-27 12:15:21,148 INFO archived 1574840104417464327
2022-09-27 12:15:21,154 INFO archived 1574840104392175616
2022-09-27 12:15:21,157 INFO archived 1574840104425852931
2022-09-27 12:15:21,159 INFO archived 1574840108603215872
2022-09-27 12:15:21,163 INFO archived 1574840104425852952
2022-09-27 12:15:21,176 INFO archived 1574840108599099398
2022-09-27 12:15:21,533 INFO archived 1574840108607414273
2022-09-27 12:15:22,008 INFO archived 1574840108590592000
2022-09-27 12:15:22,011 INFO archived 1574840108590637056
2022-09-27 12:15:22,011 INFO archived 1574840108586618880
2022-09-27 12:15:22,018 INFO archived 1574840108590809090
2022-09-27 12:15:22,020 INFO archived 1574840108599377921
2022-09-27 12:15:22,022 INFO archived 1574840108586479616
2022-09-27 12:15:22,022 INFO archived 1574840108590993408
2022-09-27 12:15:22,023 INFO archived 1574840108620173312
2022-09-27 12:15:22,025 INFO archived 1574840108603392000
2022-09-27 12:15:22,027 INFO archived 1574840108615966720
2022-09-27 12:15:22,036 INFO archived 1574840108582330368
2022-09-27 12:15:22,036 INFO archived 1574840108620152832
2022-09-27 12:15:22,037 INFO archived 1574840108590809089
2022-09-27 12:15:22,047 INFO archived 1574840108611616768
2022-09-27 12:15:22,047 INFO archived 1574840108615929857
2022-09-27 12:15:22,048 INFO archived 1574840112789454848
2022-09-27 12:15:22,065 INFO archived 1574840108599083008
2022-09-27 12:15:22,065 INFO keep-alive
2022-09-27 12:15:22,066 INFO archived 1574840108620320769
2022-09-27 12:15:22,073 INFO archived 1574840108620169217
2022-09-27 12:15:22,077 INFO archived 1574840108603392001
2022-09-27 12:15:22,078 INFO archived 1574840112814268417
2022-09-27 12:15:22,081 INFO archived 1574840108590800896
2022-09-27 12:15:22,082 INFO archived 1574840108603170817
2022-09-27 12:15:22,083 INFO archived 1574840108615860224
2022-09-27 12:15:22,083 INFO archived 1574840108607733760
2022-09-27 12:15:22,084 INFO archived 1574840108595007488
2022-09-27 12:15:22,087 INFO archived 1574840108582313985
2022-09-27 12:15:22,106 INFO archived 1574840108615929858
2022-09-27 12:15:22,107 INFO archived 1574840108590800897
2022-09-27 12:15:22,154 INFO archived 1574840108594843648
2022-09-27 12:15:22,155 INFO archived 1574840112793489410
2022-09-27 12:15:22,170 INFO archived 1574840112797872134
2022-09-27 12:15:22,225 INFO archived 1574840108603232256
2022-09-27 12:15:22,227 INFO archived 1574840112780742656
2022-09-27 12:15:22,534 INFO archived 1574840112810266656
2022-09-27 12:15:22,546 INFO archived 1574840112810106880
2022-09-27 12:15:22,996 INFO archived 1574840112810266670
2022-09-27 12:15:23,000 INFO archived 1574840112801644544
2022-09-27 12:15:23,008 INFO archived 1574840112801644546
2022-09-27 12:15:23,008 INFO archived 1574840112810266671
2022-09-27 12:15:23,012 INFO archived 1574840112797851649
2022-09-27 12:15:23,022 INFO archived 1574840112776712192
2022-09-27 12:15:23,027 INFO archived 1574840112785117184
2022-09-27 12:15:23,027 INFO archived 1574840112810266657
2022-09-27 12:15:23,028 INFO archived 1574840112806072348
2022-09-27 12:15:23,031 INFO archived 1574840112806084608
2022-09-27 12:15:23,032 INFO archived 1574840112810102784
2022-09-27 12:15:23,051 INFO archived 1574840112814460951
2022-09-27 12:15:23,063 INFO archived 1574840112801878018
2022-09-27 12:15:23,067 INFO archived 1574840112810266641
2022-09-27 12:15:23,071 INFO archived 1574840112810061824
2022-09-27 12:15:23,073 INFO archived 1574840112776712223
2022-09-27 12:15:23,074 INFO archived 1574840112793489412
2022-09-27 12:15:23,075 INFO archived 1574840116992159744
2022-09-27 12:15:23,077 INFO archived 1574840112784977921
2022-09-27 12:15:23,077 INFO archived 1574840117000548353
2022-09-27 12:15:23,080 INFO archived 1574840117008551936
2022-09-27 12:15:23,081 INFO archived 1574840112776712237
2022-09-27 12:15:23,085 INFO archived 1574840116970782720
2022-09-27 12:15:23,087 INFO archived 1574840117000212480
2022-09-27 12:15:23,090 INFO archived 1574840112801878053
2022-09-27 12:15:23,091 INFO archived 1574840112780906498
2022-09-27 12:15:23,092 INFO archived 1574840116971208704
2022-09-27 12:15:23,098 INFO archived 1574840112776626176
2022-09-27 12:15:23,125 INFO archived 1574840116971016227
2022-09-27 12:15:23,136 INFO archived 1574840116987789312
2022-09-27 12:15:23,136 INFO archived 1574840116983386112
2022-09-27 12:15:23,149 INFO archived 1574840116992151552
2022-09-27 12:15:23,152 INFO archived 1574840116983599116
2022-09-27 12:15:23,171 INFO archived 1574840116991987722
2022-09-27 12:15:23,182 INFO archived 1574840112801878022
2022-09-27 12:15:23,183 INFO archived 1574840112789295111
2022-09-27 12:15:23,186 INFO archived 1574840112810266636
2022-09-27 12:15:23,187 INFO archived 1574840112797683721
2022-09-27 12:15:23,188 INFO archived 1574840112776634368
2022-09-27 12:15:23,217 INFO archived 1574840116996345857
2022-09-27 12:15:23,466 INFO archived 1574840116979404809
2022-09-27 12:15:23,540 INFO archived 1574840117000376327
2022-09-27 12:15:23,542 INFO archived 1574840116991987736
2022-09-27 12:15:23,995 INFO archived 1574840117008764951
2022-09-27 12:15:23,996 INFO archived 1574840116975210536
2022-09-27 12:15:23,998 INFO archived 1574840116983599132
2022-09-27 12:15:23,999 INFO archived 1574840116987793410
2022-09-27 12:15:24,000 INFO archived 1574840116983599112
2022-09-27 12:15:24,004 INFO archived 1574840116996182031
2022-09-27 12:15:24,014 INFO archived 1574840121165172736
2022-09-27 12:15:24,018 INFO archived 1574840117000376335
2022-09-27 12:15:24,019 INFO archived 1574840116996182039
2022-09-27 12:15:24,024 INFO archived 1574840116975210530
2022-09-27 12:15:24,028 INFO archived 1574840116991987739
2022-09-27 12:15:24,032 INFO archived 1574840116987793442
2022-09-27 12:15:24,033 INFO archived 1574840116987793452
2022-09-27 12:15:24,034 INFO archived 1574840116979200000
2022-09-27 12:15:24,034 INFO archived 1574840116991987721
2022-09-27 12:15:24,036 INFO archived 1574840116971016214
2022-09-27 12:15:24,039 INFO archived 1574840116979310592
2022-09-27 12:15:24,039 INFO archived 1574840117008764955
2022-09-27 12:15:24,040 INFO archived 1574840117008777217
2022-09-27 12:15:24,042 INFO archived 1574840116991987738
2022-09-27 12:15:24,042 INFO archived 1574840116996182019
2022-09-27 12:15:24,054 INFO archived 1574840116971016195
2022-09-27 12:15:24,057 INFO archived 1574840116971016228
2022-09-27 12:15:24,065 INFO archived 1574840117008769024
2022-09-27 12:15:24,078 INFO archived 1574840121181937664
2022-09-27 12:15:24,095 INFO archived 1574840117000376346
2022-09-27 12:15:24,096 INFO archived 1574840116975210503
2022-09-27 12:15:24,101 INFO archived 1574840116975210520
2022-09-27 12:15:24,141 INFO archived 1574840121177743360
2022-09-27 12:15:24,209 INFO archived 1574840116996104192
2022-09-27 12:15:24,214 INFO archived 1574840117008764945
2022-09-27 12:15:24,219 INFO archived 1574840121203068945
2022-09-27 12:15:24,220 INFO archived 1574840121203068961
2022-09-27 12:15:24,268 INFO archived 1574840121181949953
2022-09-27 12:15:24,279 INFO archived 1574840121203068950
2022-09-27 12:15:24,359 INFO archived 1574840121203068957
2022-09-27 12:15:24,462 INFO archived 1574840121203068941
2022-09-27 12:15:24,534 INFO archived 1574840121173708812
2022-09-27 12:15:24,621 INFO archived 1574840121190453248
2022-09-27 12:15:24,981 INFO archived 1574840121173561344
2022-09-27 12:15:24,989 INFO archived 1574840121169514498
2022-09-27 12:15:24,989 INFO archived 1574840121177808896
2022-09-27 12:15:24,990 INFO archived 1574840121198874645
2022-09-27 12:15:24,992 INFO archived 1574840121194680354
2022-09-27 12:15:24,993 INFO archived 1574840121177903129
2022-09-27 12:15:24,994 INFO archived 1574840121177903121
2022-09-27 12:15:24,996 INFO archived 1574840121165320231
2022-09-27 12:15:24,996 INFO archived 1574840121182097444
2022-09-27 12:15:24,996 INFO archived 1574840121202864128
2022-09-27 12:15:24,997 INFO archived 1574840121194680358
2022-09-27 12:15:24,999 INFO archived 1574840121181933568
2022-09-27 12:15:25,000 INFO archived 1574840121203068962
2022-09-27 12:15:25,009 INFO archived 1574840121198874665
2022-09-27 12:15:25,010 INFO archived 1574840121194680359
2022-09-27 12:15:25,010 INFO archived 1574840121190391808
2022-09-27 12:15:25,010 INFO archived 1574840121177870336
2022-09-27 12:15:25,010 INFO archived 1574840121173708808
2022-09-27 12:15:25,011 INFO archived 1574840121190486036
2022-09-27 12:15:25,011 INFO archived 1574840121181884416
2022-09-27 12:15:25,013 INFO archived 1574840121169514517
2022-09-27 12:15:25,016 INFO archived 1574840121203064832
2022-09-27 12:15:25,018 INFO archived 1574840121182097433
2022-09-27 12:15:25,022 INFO archived 1574840121198874633
2022-09-27 12:15:25,023 INFO archived 1574840121165320206
2022-09-27 12:15:25,027 INFO archived 1574840121169514515
2022-09-27 12:15:25,031 INFO archived 1574840121165320218
2022-09-27 12:15:25,037 INFO archived 1574840121194876929
2022-09-27 12:15:25,038 INFO archived 1574840121182097423
2022-09-27 12:15:25,038 INFO archived 1574840121165320230
2022-09-27 12:15:25,039 INFO archived 1574840121190486026
2022-09-27 12:15:25,053 INFO archived 1574840121198874659
2022-09-27 12:15:25,056 INFO archived 1574840121198874643
2022-09-27 12:15:25,058 INFO archived 1574840121198874647
2022-09-27 12:15:25,062 INFO archived 1574840121169514506
2022-09-27 12:15:25,071 INFO archived 1574840121198874654
2022-09-27 12:15:25,074 INFO archived 1574840121169391616
2022-09-27 12:15:25,075 INFO archived 1574840121165320234
2022-09-27 12:15:25,075 INFO archived 1574840121173708833
2022-09-27 12:15:25,078 INFO archived 1574840121173585920
2022-09-27 12:15:25,084 INFO archived 1574840121198874664
2022-09-27 12:15:25,092 INFO archived 1574840125380444160
2022-09-27 12:15:25,097 INFO archived 1574840121190658048
2022-09-27 12:15:25,098 INFO archived 1574840121198874632
2022-09-27 12:15:25,146 INFO archived 1574840121198874657
2022-09-27 12:15:25,148 INFO archived 1574840121203068965
2022-09-27 12:15:25,172 INFO archived 1574840125384785920
2022-09-27 12:15:25,271 INFO archived 1574840125384790038
2022-09-27 12:15:25,317 INFO archived 1574840125376593920
2022-09-27 12:15:25,982 INFO archived 1574840125397561344
2022-09-27 12:15:25,986 INFO archived 1574840125372207106
2022-09-27 12:15:25,989 INFO archived 1574840125372207123
2022-09-27 12:15:25,992 INFO archived 1574840125388984379
2022-09-27 12:15:25,993 INFO archived 1574840125363818512
2022-09-27 12:15:25,999 INFO archived 1574840125363785728
2022-09-27 12:15:25,999 INFO archived 1574840125388984369
2022-09-27 12:15:26,002 INFO archived 1574840125384687617
2022-09-27 12:15:26,005 INFO archived 1574840125368209408
2022-09-27 12:15:26,005 INFO archived 1574840125384790067
2022-09-27 12:15:26,029 INFO archived 1574840125388951552
2022-09-27 12:15:26,033 INFO archived 1574840125397372937
2022-09-27 12:15:26,036 INFO archived 1574840125363818526
2022-09-27 12:15:26,048 INFO archived 1574840125388984336
2022-09-27 12:15:26,052 INFO archived 1574840125359529984
2022-09-27 12:15:26,052 INFO archived 1574840125393178632
2022-09-27 12:15:26,056 INFO archived 1574840125363818513
2022-09-27 12:15:26,061 INFO archived 1574840125384790059
2022-09-27 12:15:26,067 INFO archived 1574840129570553856
2022-09-27 12:15:26,081 INFO archived 1574840125368016896
2022-09-27 12:15:26,097 INFO archived 1574840125384790021
2022-09-27 12:15:26,098 INFO archived 1574840125359624209
2022-09-27 12:15:26,099 INFO archived 1574840125380595758
2022-09-27 12:15:26,101 INFO archived 1574840125388984371
2022-09-27 12:15:26,101 INFO archived 1574840125376401447
2022-09-27 12:15:26,101 INFO archived 1574840129591869440
2022-09-27 12:15:26,104 INFO archived 1574840125397372939
2022-09-27 12:15:26,105 INFO archived 1574840129579094016
2022-09-27 12:15:26,106 INFO archived 1574840125359591424
2022-09-27 12:15:26,143 INFO archived 1574840129583140864
2022-09-27 12:15:26,144 INFO archived 1574840129591554049
2022-09-27 12:15:26,168 INFO archived 1574840125363822593
2022-09-27 12:15:26,177 INFO archived 1574840125384790051
2022-09-27 12:15:26,180 INFO archived 1574840129570541568
2022-09-27 12:15:26,221 INFO archived 1574840125368012817
2022-09-27 12:15:26,454 INFO archived 1574840129558126592
2022-09-27 12:15:26,503 INFO archived 1574840129591676929
2022-09-27 12:15:26,535 INFO archived 1574840129583288347
2022-09-27 12:15:26,981 INFO archived 1574840129558044672
2022-09-27 12:15:26,982 INFO archived 1574840129553928221
2022-09-27 12:15:26,982 INFO archived 1574840129591676956
2022-09-27 12:15:26,982 INFO archived 1574840129562316812
2022-09-27 12:15:26,984 INFO archived 1574840129574899737
2022-09-27 12:15:26,986 INFO archived 1574840129562316841
2022-09-27 12:15:26,986 INFO archived 1574840129583288321
2022-09-27 12:15:26,996 INFO archived 1574840129570705443
2022-09-27 12:15:26,999 INFO archived 1574840129570705450
2022-09-27 12:15:27,001 INFO archived 1574840129566416896
2022-09-27 12:15:27,001 INFO archived 1574840129591848960
2022-09-27 12:15:27,008 INFO archived 1574840129558122507
2022-09-27 12:15:27,009 INFO archived 1574840129558020097
2022-09-27 12:15:27,009 INFO archived 1574840129591676939
2022-09-27 12:15:27,014 INFO archived 1574840129566511110
2022-09-27 12:15:27,016 INFO archived 1574840129583288331
2022-09-27 12:15:27,016 INFO archived 1574840133769039872
2022-09-27 12:15:27,018 INFO archived 1574840129591676957
2022-09-27 12:15:27,025 INFO archived 1574840129574813697
2022-09-27 12:15:27,026 INFO archived 1574840129579094029
2022-09-27 12:15:27,030 INFO archived 1574840129587482650
2022-09-27 12:15:27,041 INFO archived 1574840129579094028
2022-09-27 12:15:27,042 INFO archived 1574840129579094031
2022-09-27 12:15:27,042 INFO archived 1574840129566511106
2022-09-27 12:15:27,043 INFO archived 1574840129566511107
2022-09-27 12:15:27,043 INFO archived 1574840129574866944
2022-09-27 12:15:27,046 INFO archived 1574840129562509312
2022-09-27 12:15:27,049 INFO archived 1574840129553928192
2022-09-27 12:15:27,056 INFO archived 1574840129587482626
2022-09-27 12:15:27,058 INFO archived 1574840129570705413
2022-09-27 12:15:27,064 INFO archived 1574840129553928225
2022-09-27 12:15:27,065 INFO archived 1574840129579094032
2022-09-27 12:15:27,065 INFO archived 1574840129591574528
2022-09-27 12:15:27,076 INFO archived 1574840133748019201
2022-09-27 12:15:27,076 INFO archived 1574840129562316839
2022-09-27 12:15:27,077 INFO archived 1574840129566511124
2022-09-27 12:15:27,105 INFO archived 1574840129587482631
2022-09-27 12:15:27,107 INFO archived 1574840129591676946
2022-09-27 12:15:27,108 INFO archived 1574840129553940480
2022-09-27 12:15:27,110 INFO archived 1574840129553928202
2022-09-27 12:15:27,111 INFO archived 1574840133756801024
2022-09-27 12:15:27,167 INFO archived 1574840129570705427
2022-09-27 12:15:27,168 INFO archived 1574840129579253760
2022-09-27 12:15:27,170 INFO archived 1574840133781594112
2022-09-27 12:15:27,195 INFO archived 1574840129575088129
2022-09-27 12:15:27,196 INFO archived 1574840129591676928
2022-09-27 12:15:27,199 INFO archived 1574840133765009415
2022-09-27 12:15:27,219 INFO archived 1574840129558122504
2022-09-27 12:15:27,312 INFO archived 1574840129587388416
2022-09-27 12:15:27,983 INFO archived 1574840133748232202
2022-09-27 12:15:27,985 INFO archived 1574840133781786629
2022-09-27 12:15:27,989 INFO archived 1574840133773398019
2022-09-27 12:15:27,992 INFO archived 1574840133781786632
2022-09-27 12:15:27,993 INFO archived 1574840133769203740
2022-09-27 12:15:28,003 INFO archived 1574840133781786641
2022-09-27 12:15:28,005 INFO archived 1574840133781786642
2022-09-27 12:15:28,006 INFO archived 1574840133756620808
2022-09-27 12:15:28,008 INFO archived 1574840133748232195
2022-09-27 12:15:28,010 INFO archived 1574840133781786653
2022-09-27 12:15:28,013 INFO archived 1574840133752426531
2022-09-27 12:15:28,023 INFO archived 1574840133760815105
2022-09-27 12:15:28,024 INFO archived 1574840133777592345
2022-09-27 12:15:28,024 INFO archived 1574840133752426525
2022-09-27 12:15:28,030 INFO archived 1574840133777764352
2022-09-27 12:15:28,031 INFO archived 1574840133781786624
2022-09-27 12:15:28,045 INFO archived 1574840133773398029
2022-09-27 12:15:28,046 INFO archived 1574840133773398031
2022-09-27 12:15:28,047 INFO archived 1574840133781786652
2022-09-27 12:15:28,057 INFO archived 1574840133756817408
2022-09-27 12:15:28,059 INFO archived 1574840133773398039
2022-09-27 12:15:28,060 INFO archived 1574840137950711808
2022-09-27 12:15:28,061 INFO archived 1574840133756620823
2022-09-27 12:15:28,065 INFO archived 1574840137954955264
2022-09-27 12:15:28,070 INFO archived 1574840133769203763
2022-09-27 12:15:28,072 INFO archived 1574840137959481344
2022-09-27 12:15:28,073 INFO archived 1574840133765009426
2022-09-27 12:15:28,076 INFO archived 1574840133769203753
2022-09-27 12:15:28,078 INFO archived 1574840133765009430
2022-09-27 12:15:28,079 INFO archived 1574840133760602112
2022-09-27 12:15:28,079 INFO archived 1574840133765009427
2022-09-27 12:15:28,082 INFO archived 1574840137975926785
2022-09-27 12:15:28,087 INFO archived 1574840137959313457
2022-09-27 12:15:28,115 INFO archived 1574840137942536227
2022-09-27 12:15:28,116 INFO archived 1574840133752426503
2022-09-27 12:15:28,117 INFO archived 1574840133781635072
2022-09-27 12:15:28,118 INFO archived 1574840137980284968
2022-09-27 12:15:28,119 INFO archived 1574840137971892225
2022-09-27 12:15:28,126 INFO archived 1574840133752426505
2022-09-27 12:15:28,127 INFO archived 1574840133785772033
2022-09-27 12:15:28,128 INFO archived 1574840133781553153
2022-09-27 12:15:28,128 INFO archived 1574840133760815138
2022-09-27 12:15:28,139 INFO archived 1574840137946730513
2022-09-27 12:15:28,156 INFO archived 1574840133748232192
2022-09-27 12:15:28,167 INFO archived 1574840137971748864
2022-09-27 12:15:28,174 INFO archived 1574840137942536230
2022-09-27 12:15:28,175 INFO archived 1574840137950924854
2022-09-27 12:15:28,181 INFO archived 1574840137950924802
2022-09-27 12:15:28,195 INFO archived 1574840137980121088
2022-09-27 12:15:28,196 INFO archived 1574840133781786654
2022-09-27 12:15:28,197 INFO archived 1574840137959313419
2022-09-27 12:15:28,221 INFO archived 1574840133760811008
2022-09-27 12:15:28,312 INFO archived 1574840133756817409
2022-09-27 12:15:28,359 INFO archived 1574840133781954560
2022-09-27 12:15:28,982 INFO archived 1574840137942536219
2022-09-27 12:15:28,991 INFO archived 1574840137963507749
2022-09-27 12:15:28,992 INFO archived 1574840137959313426
2022-09-27 12:15:28,993 INFO archived 1574840137946730501
2022-09-27 12:15:28,998 INFO archived 1574840137942433792
2022-09-27 12:15:28,999 INFO archived 1574840137976090651
2022-09-27 12:15:29,001 INFO archived 1574840137959313442
2022-09-27 12:15:29,002 INFO archived 1574840137959477248
2022-09-27 12:15:29,003 INFO archived 1574840137980284957
2022-09-27 12:15:29,008 INFO archived 1574840137959313436
2022-09-27 12:15:29,010 INFO archived 1574840137942536231
2022-09-27 12:15:29,021 INFO archived 1574840137950924803
2022-09-27 12:15:29,022 INFO archived 1574840137976090653
2022-09-27 12:15:29,026 INFO archived 1574840137967702030
2022-09-27 12:15:29,027 INFO archived 1574840142140825601
2022-09-27 12:15:29,028 INFO archived 1574840137950924811
2022-09-27 12:15:29,031 INFO archived 1574840137967554560
2022-09-27 12:15:29,033 INFO archived 1574840137942536210
2022-09-27 12:15:29,034 INFO archived 1574840137955119104
2022-09-27 12:15:29,042 INFO archived 1574840137971896324
2022-09-27 12:15:29,046 INFO archived 1574840137976090628
2022-09-27 12:15:29,058 INFO archived 1574840137976090656
2022-09-27 12:15:29,059 INFO archived 1574840137942302720
2022-09-27 12:15:29,063 INFO archived 1574840142157598721
2022-09-27 12:15:29,065 INFO archived 1574840137967607808
2022-09-27 12:15:29,077 INFO archived 1574840137959313427
2022-09-27 12:15:29,109 INFO archived 1574840142158000128
2022-09-27 12:15:29,121 INFO archived 1574840137950924815
2022-09-27 12:15:29,128 INFO archived 1574840142145069056
2022-09-27 12:15:29,149 INFO archived 1574840137946730533
2022-09-27 12:15:29,150 INFO archived 1574840137971896325
2022-09-27 12:15:29,156 INFO archived 1574840137959313455
2022-09-27 12:15:29,165 INFO archived 1574840137967702034
2022-09-27 12:15:29,176 INFO archived 1574840129562316842
2022-09-27 12:15:29,176 INFO archived 1574840133785980952
2022-09-27 12:15:29,193 INFO archived 1574840137959149568
2022-09-27 12:15:29,216 INFO archived 1574840137967702016
2022-09-27 12:15:29,237 INFO archived 1574840142170394661
2022-09-27 12:15:29,265 INFO archived 1574840137950924807
2022-09-27 12:15:29,288 INFO archived 1574840125388984355
2022-09-27 12:15:29,291 INFO archived 1574840142136807424
2022-09-27 12:15:29,292 INFO archived 1574840133769203764
2022-09-27 12:15:29,417 INFO archived 1574840142141034532
2022-09-27 12:15:29,984 INFO archived 1574840142136840195
2022-09-27 12:15:29,985 INFO archived 1574840142141034523
2022-09-27 12:15:29,988 INFO archived 1574840142145228800
2022-09-27 12:15:29,990 INFO archived 1574840142149423104
2022-09-27 12:15:29,995 INFO archived 1574840142145228815
2022-09-27 12:15:29,996 INFO archived 1574840142166200328
2022-09-27 12:15:29,996 INFO archived 1574840142157811727
2022-09-27 12:15:29,999 INFO archived 1574840142149423147
2022-09-27 12:15:30,000 INFO archived 1574840142174425088
2022-09-27 12:15:30,010 INFO archived 1574840142149423125
2022-09-27 12:15:30,011 INFO archived 1574840142153617410
2022-09-27 12:15:30,017 INFO archived 1574840142145036288
2022-09-27 12:15:30,020 INFO archived 1574840142174588951
2022-09-27 12:15:30,023 INFO archived 1574840142174588955
2022-09-27 12:15:30,025 INFO archived 1574840146351923201
2022-09-27 12:15:30,027 INFO archived 1574840142166200355
2022-09-27 12:15:30,031 INFO archived 1574840142166200324
2022-09-27 12:15:30,037 INFO archived 1574840142166200338
2022-09-27 12:15:30,042 INFO archived 1574840142153494528
2022-09-27 12:15:30,044 INFO archived 1574840142141034535
2022-09-27 12:15:30,056 INFO archived 1574840146347757568
2022-09-27 12:15:30,075 INFO archived 1574840142161858560
2022-09-27 12:15:30,076 INFO archived 1574840142174588935
2022-09-27 12:15:30,077 INFO archived 1574840142174588952
2022-09-27 12:15:30,078 INFO archived 1574840142153617440
2022-09-27 12:15:30,079 INFO archived 1574840142174588953
2022-09-27 12:15:30,089 INFO archived 1574840142157811730
2022-09-27 12:15:30,096 INFO archived 1574840142162006021
2022-09-27 12:15:30,114 INFO archived 1574840142141034529
2022-09-27 12:15:30,143 INFO archived 1574840142145228802
2022-09-27 12:15:30,144 INFO archived 1574840142162006039
2022-09-27 12:15:30,145 INFO archived 1574840142149423106
2022-09-27 12:15:30,161 INFO archived 1574840142174588950
2022-09-27 12:15:30,164 INFO archived 1574840142149423127
2022-09-27 12:15:30,185 INFO archived 1574840142153617439
2022-09-27 12:15:30,203 INFO archived 1574840142153617431
2022-09-27 12:15:30,204 INFO archived 1574840142149423146
2022-09-27 12:15:30,205 INFO archived 1574840142153617412
2022-09-27 12:15:30,206 INFO archived 1574840142149423115
2022-09-27 12:15:30,224 INFO archived 1574840146335502336
2022-09-27 12:15:30,298 INFO archived 1574840146335338520
2022-09-27 12:15:30,983 INFO archived 1574840146360664064
2022-09-27 12:15:30,984 INFO archived 1574840146331144230
2022-09-27 12:15:30,988 INFO archived 1574840146343907328
2022-09-27 12:15:30,990 INFO archived 1574840146343727121
2022-09-27 12:15:30,992 INFO archived 1574840146364698632
2022-09-27 12:15:30,999 INFO archived 1574840146364698644
2022-09-27 12:15:31,002 INFO archived 1574840146360504321
2022-09-27 12:15:31,004 INFO archived 1574840146343727142
2022-09-27 12:15:31,008 INFO archived 1574840146335338512
2022-09-27 12:15:31,009 INFO archived 1574840146352115721
2022-09-27 12:15:31,011 INFO archived 1574840146356310016
2022-09-27 12:15:31,022 INFO archived 1574840146352115727
2022-09-27 12:15:31,023 INFO archived 1574840146347921434
2022-09-27 12:15:31,025 INFO archived 1574840146360504332
2022-09-27 12:15:31,026 INFO archived 1574840146335338519
2022-09-27 12:15:31,027 INFO archived 1574840146339532802
2022-09-27 12:15:31,029 INFO archived 1574840146335338524
2022-09-27 12:15:31,035 INFO archived 1574840146335145984
2022-09-27 12:15:31,037 INFO archived 1574840146343567362
2022-09-27 12:15:31,043 INFO archived 1574840150563004417
2022-09-27 12:15:31,049 INFO archived 1574840146364858368
2022-09-27 12:15:31,058 INFO archived 1574840146360504323
2022-09-27 12:15:31,062 INFO archived 1574840146368806912
2022-09-27 12:15:31,063 INFO archived 1574840150546186240
2022-09-27 12:15:31,066 INFO archived 1574840146347921441
2022-09-27 12:15:31,074 INFO archived 1574840150559195136
2022-09-27 12:15:31,075 INFO archived 1574840146356277248
2022-09-27 12:15:31,077 INFO archived 1574840146360508416
2022-09-27 12:15:31,089 INFO archived 1574840146331144233
2022-09-27 12:15:31,089 INFO archived 1574840146331041793
2022-09-27 12:15:31,095 INFO archived 1574840150537867265
2022-09-27 12:15:31,105 INFO archived 1574840146343727115
2022-09-27 12:15:31,105 INFO archived 1574840142170394650
2022-09-27 12:15:31,121 INFO archived 1574840146368684032
2022-09-27 12:15:31,121 INFO archived 1574840146347921427
2022-09-27 12:15:31,180 INFO archived 1574840146339532806
2022-09-27 12:15:31,181 INFO archived 1574840150533853184
2022-09-27 12:15:31,183 INFO archived 1574840150533836844
2022-09-27 12:15:31,202 INFO archived 1574840146364698659
2022-09-27 12:15:31,206 INFO archived 1574840146360684544
2022-09-27 12:15:31,254 INFO archived 1574840146335338511
2022-09-27 12:15:31,256 INFO archived 1574840150533685248
2022-09-27 12:15:31,334 INFO archived 1574840146339500032
2022-09-27 12:15:31,987 INFO archived 1574840150554599424
2022-09-27 12:15:31,989 INFO archived 1574840150542385157
2022-09-27 12:15:31,991 INFO archived 1574840150542225432
2022-09-27 12:15:31,992 INFO archived 1574840150554808347
2022-09-27 12:15:31,993 INFO archived 1574840150563196952
2022-09-27 12:15:31,994 INFO archived 1574840150542225411
2022-09-27 12:15:31,996 INFO archived 1574840150546419728
2022-09-27 12:15:31,997 INFO archived 1574840150558908416
2022-09-27 12:15:31,999 INFO archived 1574840150550614033
2022-09-27 12:15:32,003 INFO archived 1574840150550614037
2022-09-27 12:15:32,005 INFO archived 1574840150559002653
2022-09-27 12:15:32,006 INFO archived 1574840150550614043
2022-09-27 12:15:32,007 INFO archived 1574840150554808346
2022-09-27 12:15:32,008 INFO archived 1574840150542225436
2022-09-27 12:15:32,009 INFO archived 1574840150546419713
2022-09-27 12:15:32,010 INFO archived 1574840150563196963
2022-09-27 12:15:32,011 INFO archived 1574840150563196942
2022-09-27 12:15:32,012 INFO archived 1574840150542192641
2022-09-27 12:15:32,018 INFO archived 1574840154757349377
2022-09-27 12:15:32,019 INFO archived 1574840150546419724
2022-09-27 12:15:32,024 INFO archived 1574840150563364864
2022-09-27 12:15:32,024 INFO archived 1574840150546419743
2022-09-27 12:15:32,025 INFO archived 1574840150538031119
2022-09-27 12:15:32,025 INFO archived 1574840150538194944
2022-09-27 12:15:32,026 INFO archived 1574840150546419731
2022-09-27 12:15:32,026 INFO archived 1574840150529642500
2022-09-27 12:15:32,027 INFO archived 1574840150554595328
2022-09-27 12:15:32,027 INFO archived 1574840150533836826
2022-09-27 12:15:32,030 INFO archived 1574840150533836809
2022-09-27 12:15:32,031 INFO archived 1574840150550614050
2022-09-27 12:15:32,032 INFO archived 1574840150533836821
2022-09-27 12:15:32,033 INFO archived 1574840150542225431
2022-09-27 12:15:32,043 INFO archived 1574840150550614030
2022-09-27 12:15:32,043 INFO archived 1574840150525616128
2022-09-27 12:15:32,051 INFO archived 1574840150525448226
2022-09-27 12:15:32,053 INFO archived 1574840150525448197
2022-09-27 12:15:32,054 INFO archived 1574840150525448224
2022-09-27 12:15:32,059 INFO archived 1574840150554996736
2022-09-27 12:15:32,060 INFO archived 1574840150554660864
2022-09-27 12:15:32,082 INFO archived 1574840150525448208
2022-09-27 12:15:32,099 INFO archived 1574840150538031105
2022-09-27 12:15:32,099 INFO archived 1574840150533836813
2022-09-27 12:15:32,142 INFO archived 1574840150538203137
2022-09-27 12:15:32,197 INFO archived 1574840150542225424
2022-09-27 12:15:32,199 INFO archived 1574840150529642503
2022-09-27 12:15:32,208 INFO archived 1574840154744918049
2022-09-27 12:15:32,210 INFO archived 1574840154740723759
2022-09-27 12:15:32,223 INFO archived 1574840154723946517
2022-09-27 12:15:32,224 INFO archived 1574840150529642526
2022-09-27 12:15:32,330 INFO archived 1574840154757500962
2022-09-27 12:15:32,405 INFO archived 1574840154727989249
2022-09-27 12:15:32,461 INFO archived 1574840154723946520
2023-01-23 14:04:24,081 INFO loading None profile from config C:\Users\jjablonski\.twarc
2023-01-23 14:09:01,653 INFO loading None profile from config C:\Users\jjablonski\.twarc
2023-01-23 14:18:09,781 INFO loading None profile from config C:\Users\jjablonski\.twarc
2023-01-23 14:18:09,781 INFO creating http session
2023-01-23 14:18:09,781 INFO creating OAuth1 user authentication
2023-01-23 14:18:09,781 INFO getting ('https://api.twitter.com/1.1/account/verify_credentials.json',) {'params': {'tweet_mode': 'extended'}}
2023-01-23 14:18:09,915 WARNING 401 Authentication required for https://api.twitter.com/1.1/account/verify_credentials.json?tweet_mode=extended
2023-01-23 14:25:55,674 INFO using config C:\Users\jjablonski\AppData\Roaming\twarc\config
2023-01-23 14:25:55,674 INFO creating HTTP session headers for app auth.
2023-01-23 14:25:55,674 INFO creating config file: C:\Users\jjablonski\AppData\Roaming\twarc\config
2023-01-23 14:27:05,349 INFO using config C:\Users\jjablonski\AppData\Roaming\twarc\config
2023-01-23 14:27:05,349 INFO creating HTTP session headers for app auth.
2023-01-23 14:27:05,349 INFO creating config file: C:\Users\jjablonski\AppData\Roaming\twarc\config
2023-01-23 14:28:45,432 INFO using config C:\Users\jjablonski\AppData\Roaming\twarc\config
2023-01-23 14:28:45,433 INFO creating HTTP session headers for app auth.
2023-01-23 14:28:45,433 INFO creating config file: C:\Users\jjablonski\AppData\Roaming\twarc\config
2023-01-23 14:29:08,952 INFO using config C:\Users\jjablonski\AppData\Roaming\twarc\config
2023-01-23 14:29:08,952 INFO creating HTTP session headers for app auth.
2023-01-23 14:29:08,953 INFO creating config file: C:\Users\jjablonski\AppData\Roaming\twarc\config
2023-01-23 14:34:36,562 INFO using config C:\Users\jjablonski\AppData\Roaming\twarc\config
2023-01-23 14:34:36,562 INFO creating HTTP session headers for app auth.
2023-01-23 14:34:36,563 INFO creating config file: C:\Users\jjablonski\AppData\Roaming\twarc\config
2023-01-23 14:35:51,689 INFO using config C:\Users\jjablonski\AppData\Roaming\twarc\config
2023-01-23 14:35:51,689 INFO creating HTTP session headers for app auth.
2023-01-23 14:35:51,689 INFO creating config file: C:\Users\jjablonski\AppData\Roaming\twarc\config
